1744291100.364210 client started (30497): version 3.5a, socket /tmp/tmux-1000/default, protocol 8
1744291100.364222 on Linux 6.13.9-100.fc40.x86_64 #1 SMP PREEMPT_DYNAMIC Sat Mar 29 01:27:18 UTC 2025
1744291100.364228 using libevent 2.1.12-stable poll
1744291100.364232 using ncurses 6.4 20240127
1744291100.364242 flags are 0x18010000
1744291100.364250 socket is /tmp/tmux-1000/default
1744291100.364260 trying connect
1744291100.364271 connect failed: Connection refused
1744291100.364281 lock file is /tmp/tmux-1000/default.lock
1744291100.364306 flock succeeded
1744291100.364309 got lock (6)
1744291100.364314 trying connect
1744291100.364320 connect failed: Connection refused
1744291100.364524 add peer 0x560b140171e0: 7 ((nil))
1744291100.364782 sending message 111 to peer 0x560b140171e0 (8 bytes)
1744291100.364788 sending message 111 to peer 0x560b140171e0 (8 bytes)
1744291100.364792 sending message 101 to peer 0x560b140171e0 (12 bytes)
1744291100.364795 sending message 109 to peer 0x560b140171e0 (4 bytes)
1744291100.364797 sending message 102 to peer 0x560b140171e0 (11 bytes)
1744291100.364800 sending message 108 to peer 0x560b140171e0 (24 bytes)
1744291100.364804 sending message 112 to peer 0x560b140171e0 (70 bytes)
1744291100.364807 sending message 112 to peer 0x560b140171e0 (5 bytes)
1744291100.364810 sending message 112 to peer 0x560b140171e0 (6 bytes)
1744291100.364813 sending message 112 to peer 0x560b140171e0 (6 bytes)
1744291100.364815 sending message 112 to peer 0x560b140171e0 (10 bytes)
1744291100.364818 sending message 112 to peer 0x560b140171e0 (13 bytes)
1744291100.364821 sending message 112 to peer 0x560b140171e0 (14 bytes)
1744291100.364824 sending message 112 to peer 0x560b140171e0 (19 bytes)
1744291100.364827 sending message 112 to peer 0x560b140171e0 (11 bytes)
1744291100.364830 sending message 112 to peer 0x560b140171e0 (10 bytes)
1744291100.364833 sending message 112 to peer 0x560b140171e0 (15 bytes)
1744291100.364836 sending message 112 to peer 0x560b140171e0 (21 bytes)
1744291100.364839 sending message 112 to peer 0x560b140171e0 (13 bytes)
1744291100.364842 sending message 112 to peer 0x560b140171e0 (7 bytes)
1744291100.364845 sending message 112 to peer 0x560b140171e0 (13 bytes)
1744291100.364848 sending message 112 to peer 0x560b140171e0 (7 bytes)
1744291100.364851 sending message 112 to peer 0x560b140171e0 (13 bytes)
1744291100.364854 sending message 112 to peer 0x560b140171e0 (9 bytes)
1744291100.364857 sending message 112 to peer 0x560b140171e0 (21 bytes)
1744291100.364860 sending message 112 to peer 0x560b140171e0 (13 bytes)
1744291100.364863 sending message 112 to peer 0x560b140171e0 (9 bytes)
1744291100.364866 sending message 112 to peer 0x560b140171e0 (16 bytes)
1744291100.364869 sending message 112 to peer 0x560b140171e0 (13 bytes)
1744291100.364872 sending message 112 to peer 0x560b140171e0 (9 bytes)
1744291100.364875 sending message 112 to peer 0x560b140171e0 (9 bytes)
1744291100.364878 sending message 112 to peer 0x560b140171e0 (12 bytes)
1744291100.364881 sending message 112 to peer 0x560b140171e0 (8 bytes)
1744291100.364884 sending message 112 to peer 0x560b140171e0 (13 bytes)
1744291100.364887 sending message 112 to peer 0x560b140171e0 (7 bytes)
1744291100.364889 sending message 112 to peer 0x560b140171e0 (7 bytes)
1744291100.364892 sending message 112 to peer 0x560b140171e0 (9 bytes)
1744291100.364895 sending message 112 to peer 0x560b140171e0 (6 bytes)
1744291100.364898 sending message 112 to peer 0x560b140171e0 (9 bytes)
1744291100.364901 sending message 112 to peer 0x560b140171e0 (15 bytes)
1744291100.364904 sending message 112 to peer 0x560b140171e0 (13 bytes)
1744291100.364907 sending message 112 to peer 0x560b140171e0 (12 bytes)
1744291100.364910 sending message 112 to peer 0x560b140171e0 (8 bytes)
1744291100.364913 sending message 112 to peer 0x560b140171e0 (14 bytes)
1744291100.364916 sending message 112 to peer 0x560b140171e0 (9 bytes)
1744291100.364919 sending message 112 to peer 0x560b140171e0 (10 bytes)
1744291100.364922 sending message 112 to peer 0x560b140171e0 (10 bytes)
1744291100.364930 sending message 112 to peer 0x560b140171e0 (10 bytes)
1744291100.364936 sending message 112 to peer 0x560b140171e0 (10 bytes)
1744291100.364940 sending message 112 to peer 0x560b140171e0 (11 bytes)
1744291100.364943 sending message 112 to peer 0x560b140171e0 (12 bytes)
1744291100.364946 sending message 112 to peer 0x560b140171e0 (12 bytes)
1744291100.364949 sending message 112 to peer 0x560b140171e0 (12 bytes)
1744291100.364951 sending message 112 to peer 0x560b140171e0 (12 bytes)
1744291100.364954 sending message 112 to peer 0x560b140171e0 (12 bytes)
1744291100.364958 sending message 112 to peer 0x560b140171e0 (11 bytes)
1744291100.364977 sending message 112 to peer 0x560b140171e0 (11 bytes)
1744291100.364980 sending message 112 to peer 0x560b140171e0 (12 bytes)
1744291100.364983 sending message 112 to peer 0x560b140171e0 (12 bytes)
1744291100.364986 sending message 112 to peer 0x560b140171e0 (12 bytes)
1744291100.364989 sending message 112 to peer 0x560b140171e0 (12 bytes)
1744291100.364992 sending message 112 to peer 0x560b140171e0 (12 bytes)
1744291100.364995 sending message 112 to peer 0x560b140171e0 (9 bytes)
1744291100.364998 sending message 112 to peer 0x560b140171e0 (12 bytes)
1744291100.365001 sending message 112 to peer 0x560b140171e0 (13 bytes)
1744291100.365004 sending message 112 to peer 0x560b140171e0 (13 bytes)
1744291100.365007 sending message 112 to peer 0x560b140171e0 (13 bytes)
1744291100.365010 sending message 112 to peer 0x560b140171e0 (13 bytes)
1744291100.365013 sending message 112 to peer 0x560b140171e0 (13 bytes)
1744291100.365016 sending message 112 to peer 0x560b140171e0 (8 bytes)
1744291100.365019 sending message 112 to peer 0x560b140171e0 (11 bytes)
1744291100.365022 sending message 112 to peer 0x560b140171e0 (11 bytes)
1744291100.365025 sending message 112 to peer 0x560b140171e0 (11 bytes)
1744291100.365028 sending message 112 to peer 0x560b140171e0 (12 bytes)
1744291100.365031 sending message 112 to peer 0x560b140171e0 (12 bytes)
1744291100.365035 sending message 112 to peer 0x560b140171e0 (13 bytes)
1744291100.365038 sending message 112 to peer 0x560b140171e0 (12 bytes)
1744291100.365041 sending message 112 to peer 0x560b140171e0 (13 bytes)
1744291100.365044 sending message 112 to peer 0x560b140171e0 (13 bytes)
1744291100.365047 sending message 112 to peer 0x560b140171e0 (13 bytes)
1744291100.365050 sending message 112 to peer 0x560b140171e0 (8 bytes)
1744291100.365053 sending message 112 to peer 0x560b140171e0 (13 bytes)
1744291100.365056 sending message 112 to peer 0x560b140171e0 (13 bytes)
1744291100.365059 sending message 112 to peer 0x560b140171e0 (13 bytes)
1744291100.365062 sending message 112 to peer 0x560b140171e0 (13 bytes)
1744291100.365065 sending message 112 to peer 0x560b140171e0 (13 bytes)
1744291100.365068 sending message 112 to peer 0x560b140171e0 (12 bytes)
1744291100.365071 sending message 112 to peer 0x560b140171e0 (12 bytes)
1744291100.365074 sending message 112 to peer 0x560b140171e0 (13 bytes)
1744291100.365077 sending message 112 to peer 0x560b140171e0 (12 bytes)
1744291100.365080 sending message 112 to peer 0x560b140171e0 (13 bytes)
1744291100.365083 sending message 112 to peer 0x560b140171e0 (8 bytes)
1744291100.365086 sending message 112 to peer 0x560b140171e0 (13 bytes)
1744291100.365089 sending message 112 to peer 0x560b140171e0 (13 bytes)
1744291100.365092 sending message 112 to peer 0x560b140171e0 (13 bytes)
1744291100.365095 sending message 112 to peer 0x560b140171e0 (13 bytes)
1744291100.365098 sending message 112 to peer 0x560b140171e0 (13 bytes)
1744291100.365101 sending message 112 to peer 0x560b140171e0 (13 bytes)
1744291100.365104 sending message 112 to peer 0x560b140171e0 (13 bytes)
1744291100.365107 sending message 112 to peer 0x560b140171e0 (12 bytes)
1744291100.365110 sending message 112 to peer 0x560b140171e0 (12 bytes)
1744291100.365113 sending message 112 to peer 0x560b140171e0 (13 bytes)
1744291100.365116 sending message 112 to peer 0x560b140171e0 (8 bytes)
1744291100.365119 sending message 112 to peer 0x560b140171e0 (12 bytes)
1744291100.365128 sending message 112 to peer 0x560b140171e0 (13 bytes)
1744291100.365132 sending message 112 to peer 0x560b140171e0 (13 bytes)
1744291100.365135 sending message 112 to peer 0x560b140171e0 (13 bytes)
1744291100.365138 sending message 112 to peer 0x560b140171e0 (13 bytes)
1744291100.365141 sending message 112 to peer 0x560b140171e0 (13 bytes)
1744291100.365144 sending message 112 to peer 0x560b140171e0 (13 bytes)
1744291100.365147 sending message 112 to peer 0x560b140171e0 (13 bytes)
1744291100.365150 sending message 112 to peer 0x560b140171e0 (13 bytes)
1744291100.365153 sending message 112 to peer 0x560b140171e0 (12 bytes)
1744291100.365156 sending message 112 to peer 0x560b140171e0 (10 bytes)
1744291100.365159 sending message 112 to peer 0x560b140171e0 (12 bytes)
1744291100.365162 sending message 112 to peer 0x560b140171e0 (13 bytes)
1744291100.365165 sending message 112 to peer 0x560b140171e0 (12 bytes)
1744291100.365168 sending message 112 to peer 0x560b140171e0 (13 bytes)
1744291100.365171 sending message 112 to peer 0x560b140171e0 (13 bytes)
1744291100.365174 sending message 112 to peer 0x560b140171e0 (13 bytes)
1744291100.365177 sending message 112 to peer 0x560b140171e0 (13 bytes)
1744291100.365180 sending message 112 to peer 0x560b140171e0 (13 bytes)
1744291100.365183 sending message 112 to peer 0x560b140171e0 (13 bytes)
1744291100.365186 sending message 112 to peer 0x560b140171e0 (13 bytes)
1744291100.365189 sending message 112 to peer 0x560b140171e0 (10 bytes)
1744291100.365192 sending message 112 to peer 0x560b140171e0 (13 bytes)
1744291100.365195 sending message 112 to peer 0x560b140171e0 (12 bytes)
1744291100.365198 sending message 112 to peer 0x560b140171e0 (12 bytes)
1744291100.365201 sending message 112 to peer 0x560b140171e0 (13 bytes)
1744291100.365204 sending message 112 to peer 0x560b140171e0 (10 bytes)
1744291100.365207 sending message 112 to peer 0x560b140171e0 (10 bytes)
1744291100.365210 sending message 112 to peer 0x560b140171e0 (10 bytes)
1744291100.365213 sending message 112 to peer 0x560b140171e0 (12 bytes)
1744291100.365216 sending message 112 to peer 0x560b140171e0 (13 bytes)
1744291100.365219 sending message 112 to peer 0x560b140171e0 (13 bytes)
1744291100.365222 sending message 112 to peer 0x560b140171e0 (13 bytes)
1744291100.365225 sending message 112 to peer 0x560b140171e0 (13 bytes)
1744291100.365228 sending message 112 to peer 0x560b140171e0 (13 bytes)
1744291100.365231 sending message 112 to peer 0x560b140171e0 (10 bytes)
1744291100.365233 sending message 112 to peer 0x560b140171e0 (11 bytes)
1744291100.365236 sending message 112 to peer 0x560b140171e0 (12 bytes)
1744291100.365240 sending message 112 to peer 0x560b140171e0 (12 bytes)
1744291100.365243 sending message 112 to peer 0x560b140171e0 (12 bytes)
1744291100.365246 sending message 112 to peer 0x560b140171e0 (12 bytes)
1744291100.365248 sending message 112 to peer 0x560b140171e0 (12 bytes)
1744291100.365251 sending message 112 to peer 0x560b140171e0 (11 bytes)
1744291100.365254 sending message 112 to peer 0x560b140171e0 (12 bytes)
1744291100.365257 sending message 112 to peer 0x560b140171e0 (12 bytes)
1744291100.365260 sending message 112 to peer 0x560b140171e0 (13 bytes)
1744291100.365263 sending message 112 to peer 0x560b140171e0 (13 bytes)
1744291100.365266 sending message 112 to peer 0x560b140171e0 (13 bytes)
1744291100.365270 sending message 112 to peer 0x560b140171e0 (13 bytes)
1744291100.365273 sending message 112 to peer 0x560b140171e0 (13 bytes)
1744291100.365276 sending message 112 to peer 0x560b140171e0 (10 bytes)
1744291100.365279 sending message 112 to peer 0x560b140171e0 (9 bytes)
1744291100.365282 sending message 112 to peer 0x560b140171e0 (12 bytes)
1744291100.365285 sending message 112 to peer 0x560b140171e0 (13 bytes)
1744291100.365288 sending message 112 to peer 0x560b140171e0 (13 bytes)
1744291100.365291 sending message 112 to peer 0x560b140171e0 (13 bytes)
1744291100.365294 sending message 112 to peer 0x560b140171e0 (13 bytes)
1744291100.365297 sending message 112 to peer 0x560b140171e0 (13 bytes)
1744291100.365308 sending message 112 to peer 0x560b140171e0 (9 bytes)
1744291100.365313 sending message 112 to peer 0x560b140171e0 (12 bytes)
1744291100.365317 sending message 112 to peer 0x560b140171e0 (13 bytes)
1744291100.365321 sending message 112 to peer 0x560b140171e0 (13 bytes)
1744291100.365325 sending message 112 to peer 0x560b140171e0 (13 bytes)
1744291100.365328 sending message 112 to peer 0x560b140171e0 (13 bytes)
1744291100.365331 sending message 112 to peer 0x560b140171e0 (13 bytes)
1744291100.365334 sending message 112 to peer 0x560b140171e0 (11 bytes)
1744291100.365337 sending message 112 to peer 0x560b140171e0 (12 bytes)
1744291100.365340 sending message 112 to peer 0x560b140171e0 (13 bytes)
1744291100.365343 sending message 112 to peer 0x560b140171e0 (13 bytes)
1744291100.365346 sending message 112 to peer 0x560b140171e0 (13 bytes)
1744291100.365349 sending message 112 to peer 0x560b140171e0 (13 bytes)
1744291100.365352 sending message 112 to peer 0x560b140171e0 (13 bytes)
1744291100.365354 sending message 112 to peer 0x560b140171e0 (11 bytes)
1744291100.365357 sending message 112 to peer 0x560b140171e0 (12 bytes)
1744291100.365360 sending message 112 to peer 0x560b140171e0 (12 bytes)
1744291100.365363 sending message 112 to peer 0x560b140171e0 (12 bytes)
1744291100.365366 sending message 112 to peer 0x560b140171e0 (12 bytes)
1744291100.365369 sending message 112 to peer 0x560b140171e0 (12 bytes)
1744291100.365372 sending message 112 to peer 0x560b140171e0 (22 bytes)
1744291100.365375 sending message 112 to peer 0x560b140171e0 (12 bytes)
1744291100.365378 sending message 112 to peer 0x560b140171e0 (9 bytes)
1744291100.365381 sending message 112 to peer 0x560b140171e0 (6 bytes)
1744291100.365384 sending message 112 to peer 0x560b140171e0 (13 bytes)
1744291100.365387 sending message 112 to peer 0x560b140171e0 (10 bytes)
1744291100.365390 sending message 112 to peer 0x560b140171e0 (15 bytes)
1744291100.365393 sending message 112 to peer 0x560b140171e0 (11 bytes)
1744291100.365396 sending message 112 to peer 0x560b140171e0 (9 bytes)
1744291100.365399 sending message 112 to peer 0x560b140171e0 (70 bytes)
1744291100.365403 sending message 112 to peer 0x560b140171e0 (69 bytes)
1744291100.365406 sending message 112 to peer 0x560b140171e0 (34 bytes)
1744291100.365409 sending message 112 to peer 0x560b140171e0 (34 bytes)
1744291100.365412 sending message 112 to peer 0x560b140171e0 (69 bytes)
1744291100.365415 sending message 112 to peer 0x560b140171e0 (12 bytes)
1744291100.365418 sending message 112 to peer 0x560b140171e0 (10 bytes)
1744291100.365421 sending message 112 to peer 0x560b140171e0 (10 bytes)
1744291100.365424 sending message 112 to peer 0x560b140171e0 (15 bytes)
1744291100.365427 sending message 112 to peer 0x560b140171e0 (11 bytes)
1744291100.365430 sending message 112 to peer 0x560b140171e0 (10 bytes)
1744291100.365433 sending message 112 to peer 0x560b140171e0 (10 bytes)
1744291100.365436 sending message 112 to peer 0x560b140171e0 (17 bytes)
1744291100.365439 sending message 112 to peer 0x560b140171e0 (10 bytes)
1744291100.365442 sending message 112 to peer 0x560b140171e0 (13 bytes)
1744291100.365445 sending message 112 to peer 0x560b140171e0 (17 bytes)
1744291100.365448 sending message 112 to peer 0x560b140171e0 (5 bytes)
1744291100.365451 sending message 112 to peer 0x560b140171e0 (9 bytes)
1744291100.365454 sending message 112 to peer 0x560b140171e0 (15 bytes)
1744291100.365458 sending message 104 to peer 0x560b140171e0 (0 bytes)
1744291100.365461 sending message 110 to peer 0x560b140171e0 (0 bytes)
1744291100.365464 sending message 107 to peer 0x560b140171e0 (4 bytes)
1744291100.365467 sending message 105 to peer 0x560b140171e0 (19 bytes)
1744291100.365470 sending message 105 to peer 0x560b140171e0 (22 bytes)
1744291100.365474 sending message 105 to peer 0x560b140171e0 (26 bytes)
1744291100.365477 sending message 105 to peer 0x560b140171e0 (20 bytes)
1744291100.365480 sending message 105 to peer 0x560b140171e0 (25 bytes)
1744291100.365483 sending message 105 to peer 0x560b140171e0 (64 bytes)
1744291100.365490 sending message 105 to peer 0x560b140171e0 (16 bytes)
1744291100.365494 sending message 105 to peer 0x560b140171e0 (15 bytes)
1744291100.365497 sending message 105 to peer 0x560b140171e0 (28 bytes)
1744291100.365500 sending message 105 to peer 0x560b140171e0 (29 bytes)
1744291100.365505 sending message 105 to peer 0x560b140171e0 (13 bytes)
1744291100.365508 sending message 105 to peer 0x560b140171e0 (25 bytes)
1744291100.365512 sending message 105 to peer 0x560b140171e0 (21 bytes)
1744291100.365516 sending message 105 to peer 0x560b140171e0 (16 bytes)
1744291100.365520 sending message 105 to peer 0x560b140171e0 (14 bytes)
1744291100.365523 sending message 105 to peer 0x560b140171e0 (17 bytes)
1744291100.365527 sending message 105 to peer 0x560b140171e0 (30 bytes)
1744291100.365531 sending message 105 to peer 0x560b140171e0 (29 bytes)
1744291100.365535 sending message 105 to peer 0x560b140171e0 (26 bytes)
1744291100.365539 sending message 105 to peer 0x560b140171e0 (23 bytes)
1744291100.365543 sending message 105 to peer 0x560b140171e0 (10 bytes)
1744291100.365547 sending message 105 to peer 0x560b140171e0 (91 bytes)
1744291100.365551 sending message 105 to peer 0x560b140171e0 (11 bytes)
1744291100.365555 sending message 105 to peer 0x560b140171e0 (8 bytes)
1744291100.365559 sending message 105 to peer 0x560b140171e0 (21 bytes)
1744291100.365562 sending message 105 to peer 0x560b140171e0 (11 bytes)
1744291100.365565 sending message 105 to peer 0x560b140171e0 (17 bytes)
1744291100.365568 sending message 105 to peer 0x560b140171e0 (31 bytes)
1744291100.365572 sending message 105 to peer 0x560b140171e0 (21 bytes)
1744291100.365577 sending message 105 to peer 0x560b140171e0 (144 bytes)
1744291100.365580 sending message 105 to peer 0x560b140171e0 (350 bytes)
1744291100.365584 sending message 105 to peer 0x560b140171e0 (20 bytes)
1744291100.365587 sending message 105 to peer 0x560b140171e0 (54 bytes)
1744291100.365590 sending message 105 to peer 0x560b140171e0 (16 bytes)
1744291100.365593 sending message 105 to peer 0x560b140171e0 (18 bytes)
1744291100.365596 sending message 105 to peer 0x560b140171e0 (17 bytes)
1744291100.365599 sending message 105 to peer 0x560b140171e0 (20 bytes)
1744291100.365602 sending message 105 to peer 0x560b140171e0 (15 bytes)
1744291100.365605 sending message 105 to peer 0x560b140171e0 (60 bytes)
1744291100.365608 sending message 105 to peer 0x560b140171e0 (35 bytes)
1744291100.365611 sending message 105 to peer 0x560b140171e0 (40 bytes)
1744291100.365614 sending message 105 to peer 0x560b140171e0 (26 bytes)
1744291100.365617 sending message 105 to peer 0x560b140171e0 (1823 bytes)
1744291100.365627 sending message 105 to peer 0x560b140171e0 (14 bytes)
1744291100.365630 sending message 105 to peer 0x560b140171e0 (55 bytes)
1744291100.365633 sending message 105 to peer 0x560b140171e0 (40 bytes)
1744291100.365636 sending message 105 to peer 0x560b140171e0 (30 bytes)
1744291100.365639 sending message 105 to peer 0x560b140171e0 (71 bytes)
1744291100.365642 sending message 105 to peer 0x560b140171e0 (73 bytes)
1744291100.365645 sending message 105 to peer 0x560b140171e0 (35 bytes)
1744291100.365648 sending message 105 to peer 0x560b140171e0 (55 bytes)
1744291100.365652 sending message 105 to peer 0x560b140171e0 (26 bytes)
1744291100.365655 sending message 105 to peer 0x560b140171e0 (35 bytes)
1744291100.365658 sending message 105 to peer 0x560b140171e0 (10 bytes)
1744291100.365661 sending message 105 to peer 0x560b140171e0 (24 bytes)
1744291100.365664 sending message 105 to peer 0x560b140171e0 (11 bytes)
1744291100.365667 sending message 105 to peer 0x560b140171e0 (8 bytes)
1744291100.365670 sending message 105 to peer 0x560b140171e0 (32 bytes)
1744291100.365673 sending message 105 to peer 0x560b140171e0 (43 bytes)
1744291100.365676 sending message 105 to peer 0x560b140171e0 (42 bytes)
1744291100.365679 sending message 105 to peer 0x560b140171e0 (16 bytes)
1744291100.365682 sending message 105 to peer 0x560b140171e0 (70 bytes)
1744291100.365685 sending message 105 to peer 0x560b140171e0 (20 bytes)
1744291100.365691 sending message 105 to peer 0x560b140171e0 (77 bytes)
1744291100.365695 sending message 105 to peer 0x560b140171e0 (26 bytes)
1744291100.365698 sending message 105 to peer 0x560b140171e0 (28 bytes)
1744291100.365701 sending message 105 to peer 0x560b140171e0 (12 bytes)
1744291100.365704 sending message 105 to peer 0x560b140171e0 (20 bytes)
1744291100.365707 sending message 105 to peer 0x560b140171e0 (12 bytes)
1744291100.365710 sending message 106 to peer 0x560b140171e0 (0 bytes)
1744291100.365737 sending message 200 to peer 0x560b140171e0 (4 bytes)
1744291100.365740 client loop enter
1744291100.365750 client_signal: Child exited
1744291100.531487 peer 0x560b140171e0 message 207
1744291100.531495 sending message 208 to peer 0x560b140171e0 (0 bytes)
1744291101.587144 peer 0x560b140171e0 message 203
1744291101.587161 sending message 205 to peer 0x560b140171e0 (0 bytes)
1744291101.587543 peer 0x560b140171e0 message 204
1744291101.587547 client loop exit
